running
packageJobJar: [union.sh, env.sh] [/home/wdmlink/dingrui01/hadoop_folder/hadoop-client-bailing/hadoop/contrib/streaming/hadoop-2-streaming.jar] /tmp/streamjob61159.jar tmpDir=null
13/12/10 16:45:45 INFO util.NativeCodeLoader: Loaded the native-hadoop library
13/12/10 16:45:45 INFO compress.LzoCodec: Successfully loaded & initialized native-lzo library
13/12/10 16:45:45 INFO compress.LzmaCodec: Successfully loaded & initialized native-lzma library
13/12/10 16:45:45 INFO compress.QuickLzCodec: Successfully loaded & initialized native-quicklz library
13/12/10 16:46:04 INFO mapred.FileInputFormat: Total input paths to process : 56000
13/12/10 17:01:52 INFO mapred.JobClient: splits size : 289026
13/12/10 17:01:53 INFO mapred.JobClient: Running job: job_201303151821_3381090
13/12/10 17:01:53 INFO mapred.JobClient: To kill this job, run:
13/12/10 17:01:53 INFO mapred.JobClient: /home/wdmlink/dingrui01/hadoop_folder/hadoop-client-bailing/hadoop/bin/../bin/hadoop job -Dmapred.job.tracker=nj01-rp-job.dmop.baidu.com:54311 -kill job_201303151821_3381090
13/12/10 17:01:53 INFO mapred.JobClient: Tracking URL: http://nj01-rp-job.dmop.baidu.com:8030/jobdetails.jsp?jobid=job_201303151821_3381090
13/12/10 17:01:55 INFO mapred.JobClient:  map 0% reduce 0%
13/12/10 17:31:24 INFO mapred.JobClient:  map 1% reduce 0%
13/12/10 17:35:04 INFO mapred.JobClient:  map 2% reduce 0%
13/12/10 17:38:50 INFO mapred.JobClient:  map 3% reduce 0%
13/12/10 17:42:31 INFO mapred.JobClient:  map 4% reduce 0%
13/12/10 17:48:36 INFO mapred.JobClient:  map 5% reduce 0%
13/12/10 17:51:21 INFO mapred.JobClient:  map 6% reduce 0%
13/12/10 17:54:37 INFO mapred.JobClient:  map 7% reduce 0%
13/12/10 17:57:51 INFO mapred.JobClient:  map 8% reduce 0%
13/12/10 18:01:01 INFO mapred.JobClient:  map 9% reduce 0%
13/12/10 18:04:12 INFO mapred.JobClient:  map 10% reduce 0%
13/12/10 18:07:25 INFO mapred.JobClient:  map 11% reduce 0%
13/12/10 18:10:33 INFO mapred.JobClient:  map 12% reduce 0%
13/12/10 18:13:47 INFO mapred.JobClient:  map 13% reduce 0%
13/12/10 18:17:03 INFO mapred.JobClient:  map 14% reduce 0%
13/12/10 18:20:16 INFO mapred.JobClient:  map 15% reduce 0%
13/12/10 18:23:45 INFO mapred.JobClient:  map 16% reduce 0%
13/12/10 18:27:56 INFO mapred.JobClient:  map 17% reduce 0%
13/12/10 18:33:01 INFO mapred.JobClient:  map 18% reduce 0%
13/12/10 18:38:11 INFO mapred.JobClient:  map 19% reduce 0%
13/12/10 18:42:43 INFO mapred.JobClient:  map 20% reduce 0%
13/12/10 18:47:10 INFO mapred.JobClient:  map 21% reduce 0%
13/12/10 18:51:52 INFO mapred.JobClient:  map 22% reduce 0%
13/12/10 18:56:22 INFO mapred.JobClient:  map 23% reduce 0%
13/12/10 19:01:16 INFO mapred.JobClient:  map 24% reduce 0%
13/12/10 19:05:47 INFO mapred.JobClient:  map 25% reduce 0%
13/12/10 19:10:07 INFO mapred.JobClient:  map 26% reduce 0%
13/12/10 19:14:31 INFO mapred.JobClient:  map 27% reduce 0%
13/12/10 19:18:49 INFO mapred.JobClient:  map 28% reduce 0%
13/12/10 19:23:12 INFO mapred.JobClient:  map 29% reduce 0%
13/12/10 19:27:25 INFO mapred.JobClient:  map 30% reduce 0%
13/12/10 19:31:26 INFO mapred.JobClient:  map 31% reduce 0%
13/12/10 19:35:30 INFO mapred.JobClient:  map 32% reduce 0%
13/12/10 19:39:55 INFO mapred.JobClient:  map 33% reduce 0%
13/12/10 19:45:44 INFO mapred.JobClient:  map 34% reduce 0%
13/12/10 19:51:02 INFO mapred.JobClient:  map 35% reduce 0%
13/12/10 19:54:51 INFO mapred.JobClient:  map 36% reduce 0%
13/12/10 19:58:18 INFO mapred.JobClient:  map 37% reduce 0%
13/12/10 20:01:35 INFO mapred.JobClient:  map 38% reduce 0%
13/12/10 20:04:54 INFO mapred.JobClient:  map 39% reduce 0%
13/12/10 20:08:37 INFO mapred.JobClient:  map 40% reduce 0%
13/12/10 20:11:54 INFO mapred.JobClient:  map 41% reduce 0%
13/12/10 20:14:59 INFO mapred.JobClient:  map 42% reduce 0%
13/12/10 20:18:02 INFO mapred.JobClient:  map 43% reduce 0%
13/12/10 20:20:56 INFO mapred.JobClient:  map 44% reduce 0%
13/12/10 20:23:50 INFO mapred.JobClient:  map 45% reduce 0%
13/12/10 20:26:45 INFO mapred.JobClient:  map 46% reduce 0%
13/12/10 20:29:36 INFO mapred.JobClient:  map 47% reduce 0%
13/12/10 20:32:31 INFO mapred.JobClient:  map 48% reduce 0%
13/12/10 20:35:24 INFO mapred.JobClient:  map 49% reduce 0%
13/12/10 20:38:16 INFO mapred.JobClient:  map 50% reduce 0%
13/12/10 20:41:07 INFO mapred.JobClient:  map 51% reduce 0%
13/12/10 20:43:56 INFO mapred.JobClient:  map 52% reduce 0%
13/12/10 20:46:50 INFO mapred.JobClient:  map 53% reduce 0%
13/12/10 20:49:35 INFO mapred.JobClient:  map 54% reduce 0%
13/12/10 20:52:08 INFO mapred.JobClient:  map 55% reduce 0%
13/12/10 20:54:51 INFO mapred.JobClient:  map 56% reduce 0%
13/12/10 20:56:04 INFO mapred.JobClient:  map 56% reduce 1%
13/12/10 20:57:20 INFO mapred.JobClient:  map 57% reduce 1%
13/12/10 20:59:51 INFO mapred.JobClient:  map 58% reduce 1%
13/12/10 21:02:39 INFO mapred.JobClient:  map 59% reduce 1%
13/12/10 21:05:26 INFO mapred.JobClient:  map 60% reduce 1%
13/12/10 21:08:22 INFO mapred.JobClient:  map 61% reduce 1%
13/12/10 21:11:29 INFO mapred.JobClient:  map 62% reduce 1%
13/12/10 21:14:41 INFO mapred.JobClient:  map 63% reduce 1%
13/12/10 21:18:21 INFO mapred.JobClient:  map 64% reduce 1%
13/12/10 21:22:03 INFO mapred.JobClient:  map 65% reduce 1%
13/12/10 21:25:30 INFO mapred.JobClient:  map 66% reduce 1%
13/12/10 21:28:47 INFO mapred.JobClient:  map 67% reduce 1%
13/12/10 21:31:50 INFO mapred.JobClient:  map 68% reduce 1%
13/12/10 21:34:47 INFO mapred.JobClient:  map 69% reduce 1%
13/12/10 21:37:36 INFO mapred.JobClient:  map 70% reduce 1%
13/12/10 21:41:03 INFO mapred.JobClient:  map 71% reduce 1%
13/12/10 21:45:26 INFO mapred.JobClient:  map 72% reduce 1%
13/12/10 21:51:57 INFO mapred.JobClient:  map 73% reduce 1%
13/12/10 21:57:30 INFO mapred.JobClient:  map 74% reduce 1%
13/12/10 22:01:49 INFO mapred.JobClient:  map 75% reduce 1%
13/12/10 22:05:18 INFO mapred.JobClient:  map 76% reduce 1%
13/12/10 22:08:18 INFO mapred.JobClient:  map 77% reduce 1%
13/12/10 22:11:07 INFO mapred.JobClient:  map 78% reduce 1%
13/12/10 22:13:37 INFO mapred.JobClient:  map 79% reduce 1%
13/12/10 22:15:59 INFO mapred.JobClient:  map 80% reduce 1%
13/12/10 22:18:11 INFO mapred.JobClient:  map 81% reduce 1%
13/12/10 22:20:26 INFO mapred.JobClient:  map 82% reduce 1%
13/12/10 22:22:44 INFO mapred.JobClient:  map 83% reduce 1%
13/12/10 22:25:03 INFO mapred.JobClient:  map 84% reduce 1%
13/12/10 22:27:20 INFO mapred.JobClient:  map 85% reduce 1%
13/12/10 22:29:44 INFO mapred.JobClient:  map 86% reduce 1%
13/12/10 22:32:12 INFO mapred.JobClient:  map 87% reduce 1%
13/12/10 22:34:38 INFO mapred.JobClient:  map 88% reduce 1%
13/12/10 22:36:50 INFO mapred.JobClient:  map 89% reduce 1%
13/12/10 22:39:09 INFO mapred.JobClient:  map 90% reduce 1%
